diff --git a/README.md b/README.md
index 5e8ae19..1ced2de 100644
--- a/README.md
+++ b/README.md
@@ -92,6 +92,11 @@ If you need to reset the database:
 
 	$ node scripts/seed.js
 
+## Authentication
+
+Email: user@nextmail.com
+Password: 123456
+
 ## References
 
 - [Next.js Documentation](https://nextjs.org/docs)
diff --git a/app/lib/actions.ts b/app/lib/actions.ts
index 18ed27f..2abff0f 100644
--- a/app/lib/actions.ts
+++ b/app/lib/actions.ts
@@ -6,6 +6,8 @@ import { z } from 'zod';
 import { revalidatePath } from 'next/cache';
 import { redirect } from 'next/navigation';
 import { getClient } from '../../scripts/mysql-local';
+import { signIn } from '@/auth';
+import { AuthError } from 'next-auth';
 
 const FormSchema = z.object({
     id: z.string(),
@@ -116,3 +118,22 @@ export async function deleteInvoice(id: string) {
     return { message: 'Database Error: Failed to Delete Invoice.' };
   }
 }
+
+export async function authenticate(
+    prevState: string | undefined,
+    formData: FormData,
+  ) {
+    try {
+      await signIn('credentials', formData);
+    } catch (error) {
+      if (error instanceof AuthError) {
+        switch (error.type) {
+          case 'CredentialsSignin':
+            return 'Invalid credentials.';
+          default:
+            return 'Something went wrong.';
+        }
+      }
+      throw error;
+    }
+  }
\ No newline at end of file
diff --git a/app/ui/dashboard/sidenav.tsx b/app/ui/dashboard/sidenav.tsx
index 3d55b46..9e157d2 100644
--- a/app/ui/dashboard/sidenav.tsx
+++ b/app/ui/dashboard/sidenav.tsx
@@ -2,6 +2,7 @@ import Link from 'next/link';
 import NavLinks from '@/app/ui/dashboard/nav-links';
 import AcmeLogo from '@/app/ui/acme-logo';
 import { PowerIcon } from '@heroicons/react/24/outline';
+import { signOut } from '@/auth';
 
 export default function SideNav() {
   return (
@@ -17,7 +18,12 @@ export default function SideNav() {
       <div className="flex grow flex-row justify-between space-x-2 md:flex-col md:space-x-0 md:space-y-2">
         <NavLinks />
         <div className="hidden h-auto w-full grow rounded-md bg-gray-50 md:block"></div>
-        <form>
+        <form
+          action={async () => {
+            'use server';
+            await signOut();
+          }}
+        >
           <button className="flex h-[48px] w-full grow items-center justify-center gap-2 rounded-md bg-gray-50 p-3 text-sm font-medium hover:bg-sky-100 hover:text-blue-600 md:flex-none md:justify-start md:p-2 md:px-3">
             <PowerIcon className="w-6" />
             <div className="hidden md:block">Sign Out</div>
diff --git a/app/ui/login-form.tsx b/app/ui/login-form.tsx
index 2976b67..e357a95 100644
--- a/app/ui/login-form.tsx
+++ b/app/ui/login-form.tsx
@@ -1,3 +1,5 @@
+'use client';
+
 import { lusitana } from '@/app/ui/fonts';
 import {
   AtSymbolIcon,
@@ -6,10 +8,17 @@ import {
 } from '@heroicons/react/24/outline';
 import { ArrowRightIcon } from '@heroicons/react/20/solid';
 import { Button } from './button';
+import { useActionState } from 'react';
+import { authenticate } from '@/app/lib/actions';
 
 export default function LoginForm() {
+  const [errorMessage, formAction, isPending] = useActionState(
+    authenticate,
+    undefined,
+  );
+
   return (
-    <form className="space-y-3">
+    <form action={formAction} className="space-y-3">
       <div className="flex-1 rounded-lg bg-gray-50 px-6 pb-4 pt-8">
         <h1 className={`${lusitana.className} mb-3 text-2xl`}>
           Please log in to continue.
@@ -55,11 +64,19 @@ export default function LoginForm() {
             </div>
           </div>
         </div>
-        <Button className="mt-4 w-full">
+        <Button className="mt-4 w-full" aria-disabled={isPending}>
           Log in <ArrowRightIcon className="ml-auto h-5 w-5 text-gray-50" />
         </Button>
-        <div className="flex h-8 items-end space-x-1">
-          {/* Add form errors here */}
+        <div className="flex h-8 items-end space-x-1"
+          aria-live="polite"
+          aria-atomic="true"
+        >
+          {errorMessage && (
+            <>
+              <ExclamationCircleIcon className="h-5 w-5 text-red-500" />
+              <p className="text-sm text-red-500">{errorMessage}</p>
+            </>
+          )}
         </div>
       </div>
     </form>
